2021-07-01 09:29:19: == Sync Started by User Command
2021-07-01 09:29:22: Ecrasement 'C:/Users/acs/Desktop/ACS@21 Code/BlogFolioPOO/.gitignore' -> 'sftp://access788809564.webspace-data.io/BlogFolioPOO/.gitignore' (7)
2021-07-01 09:29:22: Ecrasement 'C:/Users/acs/Desktop/ACS@21 Code/BlogFolioPOO/article.php' -> 'sftp://access788809564.webspace-data.io/BlogFolioPOO/article.php' (2,838)
2021-07-01 09:29:23: Ecrasement 'C:/Users/acs/Desktop/ACS@21 Code/BlogFolioPOO/assets/all_logos.css' -> 'sftp://access788809564.webspace-data.io/BlogFolioPOO/assets/all_logos.css' (0)
2021-07-01 09:29:23: Ecrasement 'C:/Users/acs/Desktop/ACS@21 Code/BlogFolioPOO/assets/about.css' -> 'sftp://access788809564.webspace-data.io/BlogFolioPOO/assets/about.css' (1,960)
2021-07-01 09:29:23: Ecrasement 'C:/Users/acs/Desktop/ACS@21 Code/BlogFolioPOO/assets/app.css' -> 'sftp://access788809564.webspace-data.io/BlogFolioPOO/assets/app.css' (183)
2021-07-01 09:29:23: Ecrasement 'C:/Users/acs/Desktop/ACS@21 Code/BlogFolioPOO/assets/blog.css' -> 'sftp://access788809564.webspace-data.io/BlogFolioPOO/assets/blog.css' (2,009)
2021-07-01 09:29:23: Ecrasement 'C:/Users/acs/Desktop/ACS@21 Code/BlogFolioPOO/assets/heroes.css' -> 'sftp://access788809564.webspace-data.io/BlogFolioPOO/assets/heroes.css' (518)
2021-07-01 09:29:23: Ecrasement 'C:/Users/acs/Desktop/ACS@21 Code/BlogFolioPOO/assets/carousel.css' -> 'sftp://access788809564.webspace-data.io/BlogFolioPOO/assets/carousel.css' (1,194)
2021-07-01 09:29:25: Ecrasement 'C:/Users/acs/Desktop/ACS@21 Code/BlogFolioPOO/assets/images/avatar.jpg' -> 'sftp://access788809564.webspace-data.io/BlogFolioPOO/assets/images/avatar.jpg' (39,732)
2021-07-01 09:29:25: Ecrasement 'C:/Users/acs/Desktop/ACS@21 Code/BlogFolioPOO/assets/images/blog-post-1.jpg' -> 'sftp://access788809564.webspace-data.io/BlogFolioPOO/assets/images/blog-post-1.jpg' (34,686)
2021-07-01 09:29:25: Ecrasement 'C:/Users/acs/Desktop/ACS@21 Code/BlogFolioPOO/assets/images/blog-post-2.jpg' -> 'sftp://access788809564.webspace-data.io/BlogFolioPOO/assets/images/blog-post-2.jpg' (47,883)
2021-07-01 09:29:28: Ecrasement 'C:/Users/acs/Desktop/ACS@21 Code/BlogFolioPOO/assets/images/blog-post-3.jpg' -> 'sftp://access788809564.webspace-data.io/BlogFolioPOO/assets/images/blog-post-3.jpg' (26,167)
2021-07-01 09:29:28: Ecrasement 'C:/Users/acs/Desktop/ACS@21 Code/BlogFolioPOO/assets/images/blog-post-big.jpg' -> 'sftp://access788809564.webspace-data.io/BlogFolioPOO/assets/images/blog-post-big.jpg' (125,082)
2021-07-01 09:29:34: Ecrasement 'C:/Users/acs/Desktop/ACS@21 Code/BlogFolioPOO/assets/images/favicon.png' -> 'sftp://access788809564.webspace-data.io/BlogFolioPOO/assets/images/favicon.png' (43,985)
2021-07-01 09:29:34: Ecrasement 'C:/Users/acs/Desktop/ACS@21 Code/BlogFolioPOO/assets/images/description.jpg' -> 'sftp://access788809564.webspace-data.io/BlogFolioPOO/assets/images/description.jpg' (41,900)
2021-07-01 09:29:47: Ecrasement 'C:/Users/acs/Desktop/ACS@21 Code/BlogFolioPOO/assets/images/gallery/2.jpg' -> 'sftp://access788809564.webspace-data.io/BlogFolioPOO/assets/images/gallery/2.jpg' (36,204)
2021-07-01 09:29:47: Ecrasement 'C:/Users/acs/Desktop/ACS@21 Code/BlogFolioPOO/assets/images/gallery/1.jpg' -> 'sftp://access788809564.webspace-data.io/BlogFolioPOO/assets/images/gallery/1.jpg' (85,929)
2021-07-01 09:30:00: Ecrasement 'C:/Users/acs/Desktop/ACS@21 Code/BlogFolioPOO/assets/images/gallery/3.jpg' -> 'sftp://access788809564.webspace-data.io/BlogFolioPOO/assets/images/gallery/3.jpg' (72,526)
2021-07-01 09:30:01: Ecrasement 'C:/Users/acs/Desktop/ACS@21 Code/BlogFolioPOO/assets/images/gallery/4.jpg' -> 'sftp://access788809564.webspace-data.io/BlogFolioPOO/assets/images/gallery/4.jpg' (177,759)
2021-07-01 09:30:18: Ecrasement 'C:/Users/acs/Desktop/ACS@21 Code/BlogFolioPOO/assets/images/gallery/5.jpg' -> 'sftp://access788809564.webspace-data.io/BlogFolioPOO/assets/images/gallery/5.jpg' (49,326)
2021-07-01 09:30:19: Ecrasement 'C:/Users/acs/Desktop/ACS@21 Code/BlogFolioPOO/assets/images/gallery/6.jpg' -> 'sftp://access788809564.webspace-data.io/BlogFolioPOO/assets/images/gallery/6.jpg' (324,073)
2021-07-01 09:30:41: Ecrasement 'C:/Users/acs/Desktop/ACS@21 Code/BlogFolioPOO/assets/images/gallery/7.jpg' -> 'sftp://access788809564.webspace-data.io/BlogFolioPOO/assets/images/gallery/7.jpg' (73,557)
2021-07-01 09:30:42: Ecrasement 'C:/Users/acs/Desktop/ACS@21 Code/BlogFolioPOO/assets/images/header.jpg' -> 'sftp://access788809564.webspace-data.io/BlogFolioPOO/assets/images/header.jpg' (629,444)
2021-07-01 09:30:46: Ecrasement 'C:/Users/acs/Desktop/ACS@21 Code/BlogFolioPOO/assets/images/cover-portfolio.psd' -> 'sftp://access788809564.webspace-data.io/BlogFolioPOO/assets/images/cover-portfolio.psd' (12,360,047)
2021-07-01 09:30:46: Ecrasement 'C:/Users/acs/Desktop/ACS@21 Code/BlogFolioPOO/assets/images/img-decor-01.jpg' -> 'sftp://access788809564.webspace-data.io/BlogFolioPOO/assets/images/img-decor-01.jpg' (31,884)
2021-07-01 09:30:50: Ecrasement 'C:/Users/acs/Desktop/ACS@21 Code/BlogFolioPOO/assets/images/info_profile.jpeg' -> 'sftp://access788809564.webspace-data.io/BlogFolioPOO/assets/images/info_profile.jpeg' (136,094)
2021-07-01 09:30:51: Ecrasement 'C:/Users/acs/Desktop/ACS@21 Code/BlogFolioPOO/assets/images/logo.old.2.png' -> 'sftp://access788809564.webspace-data.io/BlogFolioPOO/assets/images/logo.old.2.png' (15,019)
2021-07-01 09:30:53: Ecrasement 'C:/Users/acs/Desktop/ACS@21 Code/BlogFolioPOO/assets/images/logo.png' -> 'sftp://access788809564.webspace-data.io/BlogFolioPOO/assets/images/logo.png' (15,453)
2021-07-01 09:30:53: Ecrasement 'C:/Users/acs/Desktop/ACS@21 Code/BlogFolioPOO/assets/images/home-bg.jpg' -> 'sftp://access788809564.webspace-data.io/BlogFolioPOO/assets/images/home-bg.jpg' (829,283)
2021-07-01 09:30:53: Ecrasement 'C:/Users/acs/Desktop/ACS@21 Code/BlogFolioPOO/assets/images/logo.psd' -> 'sftp://access788809564.webspace-data.io/BlogFolioPOO/assets/images/logo.psd' (150,525)
2021-07-01 09:30:54: Ecrasement 'C:/Users/acs/Desktop/ACS@21 Code/BlogFolioPOO/assets/images/me.jpg' -> 'sftp://access788809564.webspace-data.io/BlogFolioPOO/assets/images/me.jpg' (24,455)
2021-07-01 09:30:55: Ecrasement 'C:/Users/acs/Desktop/ACS@21 Code/BlogFolioPOO/assets/images/portfolio/portfolio-2.jpg' -> 'sftp://access788809564.webspace-data.io/BlogFolioPOO/assets/images/portfolio/portfolio-2.jpg' (47,329)
2021-07-01 09:30:55: Ecrasement 'C:/Users/acs/Desktop/ACS@21 Code/BlogFolioPOO/assets/images/portfolio/portfolio-1.jpg' -> 'sftp://access788809564.webspace-data.io/BlogFolioPOO/assets/images/portfolio/portfolio-1.jpg' (16,649)
2021-07-01 09:30:56: Ecrasement 'C:/Users/acs/Desktop/ACS@21 Code/BlogFolioPOO/assets/images/portfolio/portfolio-3.jpg' -> 'sftp://access788809564.webspace-data.io/BlogFolioPOO/assets/images/portfolio/portfolio-3.jpg' (48,990)
2021-07-01 09:30:57: Ecrasement 'C:/Users/acs/Desktop/ACS@21 Code/BlogFolioPOO/assets/images/portfolio/portfolio-5.jpg' -> 'sftp://access788809564.webspace-data.io/BlogFolioPOO/assets/images/portfolio/portfolio-5.jpg' (59,003)
2021-07-01 09:30:57: Ecrasement 'C:/Users/acs/Desktop/ACS@21 Code/BlogFolioPOO/assets/images/portfolio/portfolio-4.jpg' -> 'sftp://access788809564.webspace-data.io/BlogFolioPOO/assets/images/portfolio/portfolio-4.jpg' (61,610)
2021-07-01 09:31:00: Ecrasement 'C:/Users/acs/Desktop/ACS@21 Code/BlogFolioPOO/assets/images/portfolio/portfolio-6.jpg' -> 'sftp://access788809564.webspace-data.io/BlogFolioPOO/assets/images/portfolio/portfolio-6.jpg' (49,184)
2021-07-01 09:31:20: Ecrasement 'C:/Users/acs/Desktop/ACS@21 Code/BlogFolioPOO/assets/images/portfolio/portfolio-details-2.jpg' -> 'sftp://access788809564.webspace-data.io/BlogFolioPOO/assets/images/portfolio/portfolio-details-2.jpg' (1,889,672)
2021-07-01 09:31:23: Ecrasement 'C:/Users/acs/Desktop/ACS@21 Code/BlogFolioPOO/assets/images/profil.jpg' -> 'sftp://access788809564.webspace-data.io/BlogFolioPOO/assets/images/profil.jpg' (54,672)
2021-07-01 09:31:26: Ecrasement 'C:/Users/acs/Desktop/ACS@21 Code/BlogFolioPOO/assets/images/slider.jpeg' -> 'sftp://access788809564.webspace-data.io/BlogFolioPOO/assets/images/slider.jpeg' (137,579)
2021-07-01 09:31:26: Ecrasement 'C:/Users/acs/Desktop/ACS@21 Code/BlogFolioPOO/assets/images/portfolio/portfolio-details-3.jpg' -> 'sftp://access788809564.webspace-data.io/BlogFolioPOO/assets/images/portfolio/portfolio-details-3.jpg' (163,517)
2021-07-01 09:31:28: Ecrasement 'C:/Users/acs/Desktop/ACS@21 Code/BlogFolioPOO/assets/images/slider.jpg' -> 'sftp://access788809564.webspace-data.io/BlogFolioPOO/assets/images/slider.jpg' (50,771)
2021-07-01 09:31:29: Ecrasement 'C:/Users/acs/Desktop/ACS@21 Code/BlogFolioPOO/assets/images/template/about-hero.svg' -> 'sftp://access788809564.webspace-data.io/BlogFolioPOO/assets/images/template/about-hero.svg' (46,285)
2021-07-01 09:31:30: Ecrasement 'C:/Users/acs/Desktop/ACS@21 Code/BlogFolioPOO/assets/images/template/ajax-loader.gif' -> 'sftp://access788809564.webspace-data.io/BlogFolioPOO/assets/images/template/ajax-loader.gif' (4,133)
2021-07-01 09:31:36: Ecrasement 'C:/Users/acs/Desktop/ACS@21 Code/BlogFolioPOO/assets/images/template/apple-icon.png' -> 'sftp://access788809564.webspace-data.io/BlogFolioPOO/assets/images/template/apple-icon.png' (4,018)
2021-07-01 09:31:36: Ecrasement 'C:/Users/acs/Desktop/ACS@21 Code/BlogFolioPOO/assets/images/template/banner_img_01.jpg' -> 'sftp://access788809564.webspace-data.io/BlogFolioPOO/assets/images/template/banner_img_01.jpg' (702,401)
2021-07-01 09:31:39: Ecrasement 'C:/Users/acs/Desktop/ACS@21 Code/BlogFolioPOO/assets/images/template/banner_img_02.jpg' -> 'sftp://access788809564.webspace-data.io/BlogFolioPOO/assets/images/template/banner_img_02.jpg' (43,659)
2021-07-01 09:31:40: Ecrasement 'C:/Users/acs/Desktop/ACS@21 Code/BlogFolioPOO/assets/images/template/banner_img_01.png' -> 'sftp://access788809564.webspace-data.io/BlogFolioPOO/assets/images/template/banner_img_01.png' (41,900)
2021-07-01 09:31:42: Ecrasement 'C:/Users/acs/Desktop/ACS@21 Code/BlogFolioPOO/assets/images/template/banner_img_03.jpg' -> 'sftp://access788809564.webspace-data.io/BlogFolioPOO/assets/images/template/banner_img_03.jpg' (84,063)
2021-07-01 09:31:42: Ecrasement 'C:/Users/acs/Desktop/ACS@21 Code/BlogFolioPOO/assets/images/template/brand_01.png' -> 'sftp://access788809564.webspace-data.io/BlogFolioPOO/assets/images/template/brand_01.png' (48,175)
2021-07-01 09:31:42: Ecrasement 'C:/Users/acs/Desktop/ACS@21 Code/BlogFolioPOO/assets/images/portfolio/portfolio-details-1.jpg' -> 'sftp://access788809564.webspace-data.io/BlogFolioPOO/assets/images/portfolio/portfolio-details-1.jpg' (2,217,728)
2021-07-01 09:31:43: Ecrasement 'C:/Users/acs/Desktop/ACS@21 Code/BlogFolioPOO/assets/images/template/brand_02.png' -> 'sftp://access788809564.webspace-data.io/BlogFolioPOO/assets/images/template/brand_02.png' (14,192)
2021-07-01 09:31:43: Ecrasement 'C:/Users/acs/Desktop/ACS@21 Code/BlogFolioPOO/assets/images/template/brand_03.png' -> 'sftp://access788809564.webspace-data.io/BlogFolioPOO/assets/images/template/brand_03.png' (78,677)
2021-07-01 09:31:44: Ecrasement 'C:/Users/acs/Desktop/ACS@21 Code/BlogFolioPOO/assets/images/template/brand_04.png' -> 'sftp://access788809564.webspace-data.io/BlogFolioPOO/assets/images/template/brand_04.png' (95,596)
2021-07-01 09:31:45: Ecrasement 'C:/Users/acs/Desktop/ACS@21 Code/BlogFolioPOO/assets/images/template/category_img_01.jpg' -> 'sftp://access788809564.webspace-data.io/BlogFolioPOO/assets/images/template/category_img_01.jpg' (40,874)
2021-07-01 09:31:45: Ecrasement 'C:/Users/acs/Desktop/ACS@21 Code/BlogFolioPOO/assets/images/template/category_img_02.jpg' -> 'sftp://access788809564.webspace-data.io/BlogFolioPOO/assets/images/template/category_img_02.jpg' (68,129)
2021-07-01 09:31:46: Ecrasement 'C:/Users/acs/Desktop/ACS@21 Code/BlogFolioPOO/assets/images/template/category_img_03.jpg' -> 'sftp://access788809564.webspace-data.io/BlogFolioPOO/assets/images/template/category_img_03.jpg' (154,420)
2021-07-01 09:31:46: Ecrasement 'C:/Users/acs/Desktop/ACS@21 Code/BlogFolioPOO/assets/images/template/favicon.ico' -> 'sftp://access788809564.webspace-data.io/BlogFolioPOO/assets/images/template/favicon.ico' (1,150)
2021-07-01 09:31:46: Ecrasement 'C:/Users/acs/Desktop/ACS@21 Code/BlogFolioPOO/assets/images/template/feature_prod_01.jpg' -> 'sftp://access788809564.webspace-data.io/BlogFolioPOO/assets/images/template/feature_prod_01.jpg' (17,920)
2021-07-01 09:31:47: Ecrasement 'C:/Users/acs/Desktop/ACS@21 Code/BlogFolioPOO/assets/images/template/feature_prod_02.jpg' -> 'sftp://access788809564.webspace-data.io/BlogFolioPOO/assets/images/template/feature_prod_02.jpg' (40,627)
2021-07-01 09:31:48: Ecrasement 'C:/Users/acs/Desktop/ACS@21 Code/BlogFolioPOO/assets/images/template/feature_prod_03.jpg' -> 'sftp://access788809564.webspace-data.io/BlogFolioPOO/assets/images/template/feature_prod_03.jpg' (23,931)
2021-07-01 09:31:48: Ecrasement 'C:/Users/acs/Desktop/ACS@21 Code/BlogFolioPOO/assets/images/template/product_single_01.jpg' -> 'sftp://access788809564.webspace-data.io/BlogFolioPOO/assets/images/template/product_single_01.jpg' (74,022)
2021-07-01 09:31:50: Ecrasement 'C:/Users/acs/Desktop/ACS@21 Code/BlogFolioPOO/assets/images/template/product_single_02.jpg' -> 'sftp://access788809564.webspace-data.io/BlogFolioPOO/assets/images/template/product_single_02.jpg' (82,069)
2021-07-01 09:31:51: Ecrasement 'C:/Users/acs/Desktop/ACS@21 Code/BlogFolioPOO/assets/images/template/product_single_03.jpg' -> 'sftp://access788809564.webspace-data.io/BlogFolioPOO/assets/images/template/product_single_03.jpg' (60,620)
2021-07-01 09:31:51: Ecrasement 'C:/Users/acs/Desktop/ACS@21 Code/BlogFolioPOO/assets/images/template/product_single_04.jpg' -> 'sftp://access788809564.webspace-data.io/BlogFolioPOO/assets/images/template/product_single_04.jpg' (68,001)
2021-07-01 09:31:52: Ecrasement 'C:/Users/acs/Desktop/ACS@21 Code/BlogFolioPOO/assets/images/template/product_single_05.jpg' -> 'sftp://access788809564.webspace-data.io/BlogFolioPOO/assets/images/template/product_single_05.jpg' (58,801)
2021-07-01 09:31:54: Ecrasement 'C:/Users/acs/Desktop/ACS@21 Code/BlogFolioPOO/assets/images/template/product_single_06.jpg' -> 'sftp://access788809564.webspace-data.io/BlogFolioPOO/assets/images/template/product_single_06.jpg' (64,430)
2021-07-01 09:31:54: Ecrasement 'C:/Users/acs/Desktop/ACS@21 Code/BlogFolioPOO/assets/images/template/product_single_07.jpg' -> 'sftp://access788809564.webspace-data.io/BlogFolioPOO/assets/images/template/product_single_07.jpg' (81,032)
2021-07-01 09:31:55: Ecrasement 'C:/Users/acs/Desktop/ACS@21 Code/BlogFolioPOO/assets/images/template/product_single_08.jpg' -> 'sftp://access788809564.webspace-data.io/BlogFolioPOO/assets/images/template/product_single_08.jpg' (71,498)
2021-07-01 09:31:58: Ecrasement 'C:/Users/acs/Desktop/ACS@21 Code/BlogFolioPOO/assets/images/template/product_single_09.jpg' -> 'sftp://access788809564.webspace-data.io/BlogFolioPOO/assets/images/template/product_single_09.jpg' (79,814)
2021-07-01 09:31:59: Ecrasement 'C:/Users/acs/Desktop/ACS@21 Code/BlogFolioPOO/assets/images/template/product_single_10.jpg' -> 'sftp://access788809564.webspace-data.io/BlogFolioPOO/assets/images/template/product_single_10.jpg' (51,548)
2021-07-01 09:31:59: Ecrasement 'C:/Users/acs/Desktop/ACS@21 Code/BlogFolioPOO/assets/images/template/shop_01.jpg' -> 'sftp://access788809564.webspace-data.io/BlogFolioPOO/assets/images/template/shop_01.jpg' (131,538)
2021-07-01 09:32:01: Ecrasement 'C:/Users/acs/Desktop/ACS@21 Code/BlogFolioPOO/assets/images/template/shop_02.jpg' -> 'sftp://access788809564.webspace-data.io/BlogFolioPOO/assets/images/template/shop_02.jpg' (184,331)
2021-07-01 09:32:03: Ecrasement 'C:/Users/acs/Desktop/ACS@21 Code/BlogFolioPOO/assets/images/template/shop_03.jpg' -> 'sftp://access788809564.webspace-data.io/BlogFolioPOO/assets/images/template/shop_03.jpg' (126,077)
2021-07-01 09:32:03: Ecrasement 'C:/Users/acs/Desktop/ACS@21 Code/BlogFolioPOO/assets/images/template/shop_04.jpg' -> 'sftp://access788809564.webspace-data.io/BlogFolioPOO/assets/images/template/shop_04.jpg' (160,028)
2021-07-01 09:32:04: Ecrasement 'C:/Users/acs/Desktop/ACS@21 Code/BlogFolioPOO/assets/images/template/shop_05.jpg' -> 'sftp://access788809564.webspace-data.io/BlogFolioPOO/assets/images/template/shop_05.jpg' (93,388)
2021-07-01 09:32:07: Ecrasement 'C:/Users/acs/Desktop/ACS@21 Code/BlogFolioPOO/assets/images/template/shop_06.jpg' -> 'sftp://access788809564.webspace-data.io/BlogFolioPOO/assets/images/template/shop_06.jpg' (117,790)
2021-07-01 09:32:07: Ecrasement 'C:/Users/acs/Desktop/ACS@21 Code/BlogFolioPOO/assets/images/template/shop_07.jpg' -> 'sftp://access788809564.webspace-data.io/BlogFolioPOO/assets/images/template/shop_07.jpg' (239,414)
2021-07-01 09:32:09: Ecrasement 'C:/Users/acs/Desktop/ACS@21 Code/BlogFolioPOO/assets/images/template/shop_08.jpg' -> 'sftp://access788809564.webspace-data.io/BlogFolioPOO/assets/images/template/shop_08.jpg' (137,536)
2021-07-01 09:32:12: Ecrasement 'C:/Users/acs/Desktop/ACS@21 Code/BlogFolioPOO/assets/images/template/shop_09.jpg' -> 'sftp://access788809564.webspace-data.io/BlogFolioPOO/assets/images/template/shop_09.jpg' (166,339)
2021-07-01 09:32:12: Ecrasement 'C:/Users/acs/Desktop/ACS@21 Code/BlogFolioPOO/assets/images/template/shop_10.jpg' -> 'sftp://access788809564.webspace-data.io/BlogFolioPOO/assets/images/template/shop_10.jpg' (159,536)
2021-07-01 09:32:13: Ecrasement 'C:/Users/acs/Desktop/ACS@21 Code/BlogFolioPOO/assets/images/template/shop_11.jpg' -> 'sftp://access788809564.webspace-data.io/BlogFolioPOO/assets/images/template/shop_11.jpg' (142,283)
2021-07-01 09:32:14: Ecrasement 'C:/Users/acs/Desktop/ACS@21 Code/BlogFolioPOO/assets/js/custom.js' -> 'sftp://access788809564.webspace-data.io/BlogFolioPOO/assets/js/custom.js' (0)
2021-07-01 09:32:14: Ecrasement 'C:/Users/acs/Desktop/ACS@21 Code/BlogFolioPOO/assets/js/bootstrap.bundle.min.js' -> 'sftp://access788809564.webspace-data.io/BlogFolioPOO/assets/js/bootstrap.bundle.min.js' (80,821)
2021-07-01 09:32:14: Ecrasement 'C:/Users/acs/Desktop/ACS@21 Code/BlogFolioPOO/assets/js/jquery-1.11.0.min.js' -> 'sftp://access788809564.webspace-data.io/BlogFolioPOO/assets/js/jquery-1.11.0.min.js' (96,381)
2021-07-01 09:32:14: Ecrasement 'C:/Users/acs/Desktop/ACS@21 Code/BlogFolioPOO/assets/js/jquery-migrate-1.2.1.min.js' -> 'sftp://access788809564.webspace-data.io/BlogFolioPOO/assets/js/jquery-migrate-1.2.1.min.js' (7,199)
2021-07-01 09:32:14: Ecrasement 'C:/Users/acs/Desktop/ACS@21 Code/BlogFolioPOO/assets/js/main.js' -> 'sftp://access788809564.webspace-data.io/BlogFolioPOO/assets/js/main.js' (6,372)
2021-07-01 09:32:15: Ecrasement 'C:/Users/acs/Desktop/ACS@21 Code/BlogFolioPOO/assets/js/menu.js' -> 'sftp://access788809564.webspace-data.io/BlogFolioPOO/assets/js/menu.js' (601)
2021-07-01 09:32:15: Ecrasement 'C:/Users/acs/Desktop/ACS@21 Code/BlogFolioPOO/assets/js/slick.min.js' -> 'sftp://access788809564.webspace-data.io/BlogFolioPOO/assets/js/slick.min.js' (42,863)
2021-07-01 09:32:15: Ecrasement 'C:/Users/acs/Desktop/ACS@21 Code/BlogFolioPOO/assets/js/templatemo.js' -> 'sftp://access788809564.webspace-data.io/BlogFolioPOO/assets/js/templatemo.js' (1,558)
2021-07-01 09:32:17: Ecrasement 'C:/Users/acs/Desktop/ACS@21 Code/BlogFolioPOO/assets/js/templatemo.min.js' -> 'sftp://access788809564.webspace-data.io/BlogFolioPOO/assets/js/templatemo.min.js' (918)
2021-07-01 09:32:17: Ecrasement 'C:/Users/acs/Desktop/ACS@21 Code/BlogFolioPOO/assets/lux.css' -> 'sftp://access788809564.webspace-data.io/BlogFolioPOO/assets/lux.css' (166,107)
2021-07-01 09:32:17: Ecrasement 'C:/Users/acs/Desktop/ACS@21 Code/BlogFolioPOO/assets/menu.css' -> 'sftp://access788809564.webspace-data.io/BlogFolioPOO/assets/menu.css' (4,032)
2021-07-01 09:32:18: Ecrasement 'C:/Users/acs/Desktop/ACS@21 Code/BlogFolioPOO/assets/style.css' -> 'sftp://access788809564.webspace-data.io/BlogFolioPOO/assets/style.css' (26,215)
2021-07-01 09:32:19: Ecrasement 'C:/Users/acs/Desktop/ACS@21 Code/BlogFolioPOO/assets/template_css/bootstrap.min.css' -> 'sftp://access788809564.webspace-data.io/BlogFolioPOO/assets/template_css/bootstrap.min.css' (153,111)
2021-07-01 09:32:19: Ecrasement 'C:/Users/acs/Desktop/ACS@21 Code/BlogFolioPOO/assets/template_css/custom.css' -> 'sftp://access788809564.webspace-data.io/BlogFolioPOO/assets/template_css/custom.css' (17)
2021-07-01 09:32:20: Ecrasement 'C:/Users/acs/Desktop/ACS@21 Code/BlogFolioPOO/assets/template_css/fontawesome.min.css' -> 'sftp://access788809564.webspace-data.io/BlogFolioPOO/assets/template_css/fontawesome.min.css' (59,356)
2021-07-01 09:32:20: Ecrasement 'C:/Users/acs/Desktop/ACS@21 Code/BlogFolioPOO/assets/template_css/slick-theme.css' -> 'sftp://access788809564.webspace-data.io/BlogFolioPOO/assets/template_css/slick-theme.css' (3,197)
2021-07-01 09:32:20: Ecrasement 'C:/Users/acs/Desktop/ACS@21 Code/BlogFolioPOO/assets/template_css/fontawesome.css' -> 'sftp://access788809564.webspace-data.io/BlogFolioPOO/assets/template_css/fontawesome.css' (73,625)
2021-07-01 09:32:20: Ecrasement 'C:/Users/acs/Desktop/ACS@21 Code/BlogFolioPOO/assets/template_css/slick-theme.min.css' -> 'sftp://access788809564.webspace-data.io/BlogFolioPOO/assets/template_css/slick-theme.min.css' (2,339)
2021-07-01 09:32:20: Ecrasement 'C:/Users/acs/Desktop/ACS@21 Code/BlogFolioPOO/assets/template_css/slick.min.css' -> 'sftp://access788809564.webspace-data.io/BlogFolioPOO/assets/template_css/slick.min.css' (1,369)
2021-07-01 09:32:20: Ecrasement 'C:/Users/acs/Desktop/ACS@21 Code/BlogFolioPOO/assets/template_css/templatemo.css' -> 'sftp://access788809564.webspace-data.io/BlogFolioPOO/assets/template_css/templatemo.css' (5,656)
2021-07-01 09:32:21: Ecrasement 'C:/Users/acs/Desktop/ACS@21 Code/BlogFolioPOO/assets/template_css/templatemo.min.css' -> 'sftp://access788809564.webspace-data.io/BlogFolioPOO/assets/template_css/templatemo.min.css' (3,651)
2021-07-01 09:32:23: Ecrasement 'C:/Users/acs/Desktop/ACS@21 Code/BlogFolioPOO/assets/vendor/bootstrap/css/bootstrap-grid.css.map' -> 'sftp://access788809564.webspace-data.io/BlogFolioPOO/assets/vendor/bootstrap/css/bootstrap-grid.css.map' (190,330)
2021-07-01 09:32:23: Ecrasement 'C:/Users/acs/Desktop/ACS@21 Code/BlogFolioPOO/assets/vendor/bootstrap/css/bootstrap-grid.min.css' -> 'sftp://access788809564.webspace-data.io/BlogFolioPOO/assets/vendor/bootstrap/css/bootstrap-grid.min.css' (51,503)
2021-07-01 09:32:23: Ecrasement 'C:/Users/acs/Desktop/ACS@21 Code/BlogFolioPOO/assets/vendor/bootstrap/css/bootstrap-grid.css' -> 'sftp://access788809564.webspace-data.io/BlogFolioPOO/assets/vendor/bootstrap/css/bootstrap-grid.css' (70,726)
2021-07-01 09:32:26: Ecrasement 'C:/Users/acs/Desktop/ACS@21 Code/BlogFolioPOO/assets/vendor/bootstrap/css/bootstrap-grid.rtl.css' -> 'sftp://access788809564.webspace-data.io/BlogFolioPOO/assets/vendor/bootstrap/css/bootstrap-grid.rtl.css' (70,800)
2021-07-01 09:32:27: Ecrasement 'C:/Users/acs/Desktop/ACS@21 Code/BlogFolioPOO/assets/vendor/bootstrap/css/bootstrap-grid.min.css.map' -> 'sftp://access788809564.webspace-data.io/BlogFolioPOO/assets/vendor/bootstrap/css/bootstrap-grid.min.css.map' (115,787)
2021-07-01 09:32:27: Ecrasement 'C:/Users/acs/Desktop/ACS@21 Code/BlogFolioPOO/assets/vendor/bootstrap/css/bootstrap-grid.rtl.css.map' -> 'sftp://access788809564.webspace-data.io/BlogFolioPOO/assets/vendor/bootstrap/css/bootstrap-grid.rtl.css.map' (190,334)
2021-07-01 09:32:28: Ecrasement 'C:/Users/acs/Desktop/ACS@21 Code/BlogFolioPOO/assets/vendor/bootstrap/css/bootstrap-grid.rtl.min.css' -> 'sftp://access788809564.webspace-data.io/BlogFolioPOO/assets/vendor/bootstrap/css/bootstrap-grid.rtl.min.css' (51,578)
2021-07-01 09:32:29: Ecrasement 'C:/Users/acs/Desktop/ACS@21 Code/BlogFolioPOO/assets/vendor/bootstrap/css/bootstrap-reboot.css' -> 'sftp://access788809564.webspace-data.io/BlogFolioPOO/assets/vendor/bootstrap/css/bootstrap-reboot.css' (5,882)
2021-07-01 09:32:29: Ecrasement 'C:/Users/acs/Desktop/ACS@21 Code/BlogFolioPOO/assets/vendor/bootstrap/css/bootstrap-reboot.css.map' -> 'sftp://access788809564.webspace-data.io/BlogFolioPOO/assets/vendor/bootstrap/css/bootstrap-reboot.css.map' (99,049)
2021-07-01 09:32:30: Ecrasement 'C:/Users/acs/Desktop/ACS@21 Code/BlogFolioPOO/assets/vendor/bootstrap/css/bootstrap-grid.rtl.min.css.map' -> 'sftp://access788809564.webspace-data.io/BlogFolioPOO/assets/vendor/bootstrap/css/bootstrap-grid.rtl.min.css.map' (115,864)
2021-07-01 09:32:30: Ecrasement 'C:/Users/acs/Desktop/ACS@21 Code/BlogFolioPOO/assets/vendor/bootstrap/css/bootstrap-reboot.min.css' -> 'sftp://access788809564.webspace-data.io/BlogFolioPOO/assets/vendor/bootstrap/css/bootstrap-reboot.min.css' (4,670)
2021-07-01 09:32:30: Ecrasement 'C:/Users/acs/Desktop/ACS@21 Code/BlogFolioPOO/assets/vendor/bootstrap/css/bootstrap-reboot.min.css.map' -> 'sftp://access788809564.webspace-data.io/BlogFolioPOO/assets/vendor/bootstrap/css/bootstrap-reboot.min.css.map' (33,918)
2021-07-01 09:32:30: Ecrasement 'C:/Users/acs/Desktop/ACS@21 Code/BlogFolioPOO/assets/vendor/bootstrap/css/bootstrap-reboot.rtl.css' -> 'sftp://access788809564.webspace-data.io/BlogFolioPOO/assets/vendor/bootstrap/css/bootstrap-reboot.rtl.css' (5,859)
2021-07-01 09:32:32: Ecrasement 'C:/Users/acs/Desktop/ACS@21 Code/BlogFolioPOO/assets/vendor/bootstrap/css/bootstrap-reboot.rtl.min.css.map' -> 'sftp://access788809564.webspace-data.io/BlogFolioPOO/assets/vendor/bootstrap/css/bootstrap-reboot.rtl.min.css.map' (40,205)
2021-07-01 09:32:32: Ecrasement 'C:/Users/acs/Desktop/ACS@21 Code/BlogFolioPOO/assets/vendor/bootstrap/css/bootstrap-reboot.rtl.min.css' -> 'sftp://access788809564.webspace-data.io/BlogFolioPOO/assets/vendor/bootstrap/css/bootstrap-reboot.rtl.min.css' (4,742)
2021-07-01 09:32:34: Ecrasement 'C:/Users/acs/Desktop/ACS@21 Code/BlogFolioPOO/assets/vendor/bootstrap/css/bootstrap-reboot.rtl.css.map' -> 'sftp://access788809564.webspace-data.io/BlogFolioPOO/assets/vendor/bootstrap/css/bootstrap-reboot.rtl.css.map' (99,062)
2021-07-01 09:32:34: Ecrasement 'C:/Users/acs/Desktop/ACS@21 Code/BlogFolioPOO/assets/vendor/bootstrap/css/bootstrap-utilities.css' -> 'sftp://access788809564.webspace-data.io/BlogFolioPOO/assets/vendor/bootstrap/css/bootstrap-utilities.css' (68,963)
2021-07-01 09:32:34: Ecrasement 'C:/Users/acs/Desktop/ACS@21 Code/BlogFolioPOO/assets/vendor/bootstrap/css/bootstrap-utilities.css.map' -> 'sftp://access788809564.webspace-data.io/BlogFolioPOO/assets/vendor/bootstrap/css/bootstrap-utilities.css.map' (182,863)
2021-07-01 09:32:35: Ecrasement 'C:/Users/acs/Desktop/ACS@21 Code/BlogFolioPOO/assets/vendor/bootstrap/css/bootstrap-utilities.min.css' -> 'sftp://access788809564.webspace-data.io/BlogFolioPOO/assets/vendor/bootstrap/css/bootstrap-utilities.min.css' (51,214)
2021-07-01 09:32:35: Ecrasement 'C:/Users/acs/Desktop/ACS@21 Code/BlogFolioPOO/assets/vendor/bootstrap/css/bootstrap-utilities.rtl.css' -> 'sftp://access788809564.webspace-data.io/BlogFolioPOO/assets/vendor/bootstrap/css/bootstrap-utilities.rtl.css' (68,830)
2021-07-01 09:32:38: Ecrasement 'C:/Users/acs/Desktop/ACS@21 Code/BlogFolioPOO/assets/vendor/bootstrap/css/bootstrap-utilities.min.css.map' -> 'sftp://access788809564.webspace-data.io/BlogFolioPOO/assets/vendor/bootstrap/css/bootstrap-utilities.min.css.map' (107,203)
2021-07-01 09:32:38: Ecrasement 'C:/Users/acs/Desktop/ACS@21 Code/BlogFolioPOO/assets/vendor/bootstrap/css/bootstrap-utilities.rtl.min.css' -> 'sftp://access788809564.webspace-data.io/BlogFolioPOO/assets/vendor/bootstrap/css/bootstrap-utilities.rtl.min.css' (51,142)
2021-07-01 09:32:44: Ecrasement 'C:/Users/acs/Desktop/ACS@21 Code/BlogFolioPOO/assets/vendor/bootstrap/css/bootstrap.css' -> 'sftp://access788809564.webspace-data.io/BlogFolioPOO/assets/vendor/bootstrap/css/bootstrap.css' (195,836)
2021-07-01 09:32:44: Ecrasement 'C:/Users/acs/Desktop/ACS@21 Code/BlogFolioPOO/assets/vendor/bootstrap/css/bootstrap-utilities.rtl.min.css.map' -> 'sftp://access788809564.webspace-data.io/BlogFolioPOO/assets/vendor/bootstrap/css/bootstrap-utilities.rtl.min.css.map' (107,038)
2021-07-01 09:32:50: Ecrasement 'C:/Users/acs/Desktop/ACS@21 Code/BlogFolioPOO/assets/vendor/bootstrap/css/bootstrap-utilities.rtl.css.map' -> 'sftp://access788809564.webspace-data.io/BlogFolioPOO/assets/vendor/bootstrap/css/bootstrap-utilities.rtl.css.map' (182,807)
2021-07-01 09:32:51: Ecrasement 'C:/Users/acs/Desktop/ACS@21 Code/BlogFolioPOO/assets/vendor/bootstrap/css/bootstrap.css.map' -> 'sftp://access788809564.webspace-data.io/BlogFolioPOO/assets/vendor/bootstrap/css/bootstrap.css.map' (512,494)
2021-07-01 09:32:51: Ecrasement 'C:/Users/acs/Desktop/ACS@21 Code/BlogFolioPOO/assets/vendor/bootstrap/css/bootstrap.min.css' -> 'sftp://access788809564.webspace-data.io/BlogFolioPOO/assets/vendor/bootstrap/css/bootstrap.min.css' (155,631)
2021-07-01 09:32:58: Ecrasement 'C:/Users/acs/Desktop/ACS@21 Code/BlogFolioPOO/assets/vendor/bootstrap/css/bootstrap.rtl.css' -> 'sftp://access788809564.webspace-data.io/BlogFolioPOO/assets/vendor/bootstrap/css/bootstrap.rtl.css' (195,119)
2021-07-01 09:33:01: Ecrasement 'C:/Users/acs/Desktop/ACS@21 Code/BlogFolioPOO/assets/vendor/bootstrap/css/bootstrap.rtl.css.map' -> 'sftp://access788809564.webspace-data.io/BlogFolioPOO/assets/vendor/bootstrap/css/bootstrap.rtl.css.map' (512,385)
2021-07-01 09:33:10: Ecrasement 'C:/Users/acs/Desktop/ACS@21 Code/BlogFolioPOO/assets/vendor/bootstrap/css/bootstrap.rtl.min.css' -> 'sftp://access788809564.webspace-data.io/BlogFolioPOO/assets/vendor/bootstrap/css/bootstrap.rtl.min.css' (155,736)
2021-07-01 09:33:10: Ecrasement 'C:/Users/acs/Desktop/ACS@21 Code/BlogFolioPOO/assets/vendor/bootstrap/css/bootstrap.rtl.min.css.map' -> 'sftp://access788809564.webspace-data.io/BlogFolioPOO/assets/vendor/bootstrap/css/bootstrap.rtl.min.css.map' (632,798)
2021-07-01 09:33:12: Ecrasement 'C:/Users/acs/Desktop/ACS@21 Code/BlogFolioPOO/assets/vendor/bootstrap/css/bootstrap.min.css.map' -> 'sftp://access788809564.webspace-data.io/BlogFolioPOO/assets/vendor/bootstrap/css/bootstrap.min.css.map' (429,472)
2021-07-01 09:33:17: Ecrasement 'C:/Users/acs/Desktop/ACS@21 Code/BlogFolioPOO/assets/vendor/bootstrap/js/bootstrap.bundle.js' -> 'sftp://access788809564.webspace-data.io/BlogFolioPOO/assets/vendor/bootstrap/js/bootstrap.bundle.js' (207,623)
2021-07-01 09:33:17: Ecrasement 'C:/Users/acs/Desktop/ACS@21 Code/BlogFolioPOO/assets/vendor/bootstrap/js/bootstrap.bundle.js.map' -> 'sftp://access788809564.webspace-data.io/BlogFolioPOO/assets/vendor/bootstrap/js/bootstrap.bundle.js.map' (425,796)
2021-07-01 09:33:17: Ecrasement 'C:/Users/acs/Desktop/ACS@21 Code/BlogFolioPOO/assets/vendor/bootstrap/js/bootstrap.bundle.min.js' -> 'sftp://access788809564.webspace-data.io/BlogFolioPOO/assets/vendor/bootstrap/js/bootstrap.bundle.min.js' (78,748)
2021-07-01 09:33:25: Ecrasement 'C:/Users/acs/Desktop/ACS@21 Code/BlogFolioPOO/assets/vendor/bootstrap/js/bootstrap.esm.js' -> 'sftp://access788809564.webspace-data.io/BlogFolioPOO/assets/vendor/bootstrap/js/bootstrap.esm.js' (139,140)
2021-07-01 09:33:25: Ecrasement 'C:/Users/acs/Desktop/ACS@21 Code/BlogFolioPOO/assets/vendor/bootstrap/js/bootstrap.bundle.min.js.map' -> 'sftp://access788809564.webspace-data.io/BlogFolioPOO/assets/vendor/bootstrap/js/bootstrap.bundle.min.js.map' (326,390)
2021-07-01 09:33:25: Ecrasement 'C:/Users/acs/Desktop/ACS@21 Code/BlogFolioPOO/assets/vendor/bootstrap/js/bootstrap.esm.js.map' -> 'sftp://access788809564.webspace-data.io/BlogFolioPOO/assets/vendor/bootstrap/js/bootstrap.esm.js.map' (290,443)
2021-07-01 09:33:28: Ecrasement 'C:/Users/acs/Desktop/ACS@21 Code/BlogFolioPOO/assets/vendor/bootstrap/js/bootstrap.esm.min.js' -> 'sftp://access788809564.webspace-data.io/BlogFolioPOO/assets/vendor/bootstrap/js/bootstrap.esm.min.js' (72,776)
2021-07-01 09:33:28: Ecrasement 'C:/Users/acs/Desktop/ACS@21 Code/BlogFolioPOO/assets/vendor/bootstrap/js/bootstrap.js' -> 'sftp://access788809564.webspace-data.io/BlogFolioPOO/assets/vendor/bootstrap/js/bootstrap.js' (148,253)
2021-07-01 09:33:28: Ecrasement 'C:/Users/acs/Desktop/ACS@21 Code/BlogFolioPOO/assets/vendor/bootstrap/js/bootstrap.esm.min.js.map' -> 'sftp://access788809564.webspace-data.io/BlogFolioPOO/assets/vendor/bootstrap/js/bootstrap.esm.min.js.map' (223,119)
2021-07-01 09:33:33: Ecrasement 'C:/Users/acs/Desktop/ACS@21 Code/BlogFolioPOO/assets/vendor/bootstrap/js/bootstrap.min.js.map' -> 'sftp://access788809564.webspace-data.io/BlogFolioPOO/assets/vendor/bootstrap/js/bootstrap.min.js.map' (217,655)
2021-07-01 09:33:33: Ecrasement 'C:/Users/acs/Desktop/ACS@21 Code/BlogFolioPOO/assets/vendor/bootstrap/js/bootstrap.js.map' -> 'sftp://access788809564.webspace-data.io/BlogFolioPOO/assets/vendor/bootstrap/js/bootstrap.js.map' (291,645)
2021-07-01 09:33:34: Ecrasement 'C:/Users/acs/Desktop/ACS@21 Code/BlogFolioPOO/assets/vendor/bootstrap-icons/bootstrap-icons.css' -> 'sftp://access788809564.webspace-data.io/BlogFolioPOO/assets/vendor/bootstrap-icons/bootstrap-icons.css' (65,696)
2021-07-01 09:33:34: Ecrasement 'C:/Users/acs/Desktop/ACS@21 Code/BlogFolioPOO/assets/vendor/bootstrap-icons/bootstrap-icons.json' -> 'sftp://access788809564.webspace-data.io/BlogFolioPOO/assets/vendor/bootstrap-icons/bootstrap-icons.json' (34,982)
2021-07-01 09:33:35: Ecrasement 'C:/Users/acs/Desktop/ACS@21 Code/BlogFolioPOO/assets/vendor/bootstrap/js/bootstrap.min.js' -> 'sftp://access788809564.webspace-data.io/BlogFolioPOO/assets/vendor/bootstrap/js/bootstrap.min.js' (60,091)
2021-07-01 09:33:36: Ecrasement 'C:/Users/acs/Desktop/ACS@21 Code/BlogFolioPOO/assets/vendor/bootstrap-icons/fonts/bootstrap-icons.woff2' -> 'sftp://access788809564.webspace-data.io/BlogFolioPOO/assets/vendor/bootstrap-icons/fonts/bootstrap-icons.woff2' (90,528)
2021-07-01 09:33:36: Ecrasement 'C:/Users/acs/Desktop/ACS@21 Code/BlogFolioPOO/assets/vendor/bootstrap-icons/fonts/bootstrap-icons.woff' -> 'sftp://access788809564.webspace-data.io/BlogFolioPOO/assets/vendor/bootstrap-icons/fonts/bootstrap-icons.woff' (120,468)
2021-07-01 09:33:38: Ecrasement 'C:/Users/acs/Desktop/ACS@21 Code/BlogFolioPOO/assets/vendor/boxicons/css/boxicons.css' -> 'sftp://access788809564.webspace-data.io/BlogFolioPOO/assets/vendor/boxicons/css/boxicons.css' (87,141)
2021-07-01 09:33:38: Ecrasement 'C:/Users/acs/Desktop/ACS@21 Code/BlogFolioPOO/assets/vendor/boxicons/css/animations.css' -> 'sftp://access788809564.webspace-data.io/BlogFolioPOO/assets/vendor/boxicons/css/animations.css' (7,522)
2021-07-01 09:33:38: Ecrasement 'C:/Users/acs/Desktop/ACS@21 Code/BlogFolioPOO/assets/vendor/boxicons/css/boxicons.min.css' -> 'sftp://access788809564.webspace-data.io/BlogFolioPOO/assets/vendor/boxicons/css/boxicons.min.css' (63,235)
2021-07-01 09:33:38: Ecrasement 'C:/Users/acs/Desktop/ACS@21 Code/BlogFolioPOO/assets/vendor/bootstrap-icons/index.html' -> 'sftp://access788809564.webspace-data.io/BlogFolioPOO/assets/vendor/bootstrap-icons/index.html' (165,403)
2021-07-01 09:33:38: Ecrasement 'C:/Users/acs/Desktop/ACS@21 Code/BlogFolioPOO/assets/vendor/boxicons/css/transformations.css' -> 'sftp://access788809564.webspace-data.io/BlogFolioPOO/assets/vendor/boxicons/css/transformations.css' (683)
2021-07-01 09:33:47: Ecrasement 'C:/Users/acs/Desktop/ACS@21 Code/BlogFolioPOO/assets/vendor/boxicons/fonts/boxicons.eot' -> 'sftp://access788809564.webspace-data.io/BlogFolioPOO/assets/vendor/boxicons/fonts/boxicons.eot' (273,536)
2021-07-01 09:33:47: Ecrasement 'C:/Users/acs/Desktop/ACS@21 Code/BlogFolioPOO/assets/vendor/boxicons/fonts/boxicons.ttf' -> 'sftp://access788809564.webspace-data.io/BlogFolioPOO/assets/vendor/boxicons/fonts/boxicons.ttf' (273,368)
2021-07-01 09:33:52: Ecrasement 'C:/Users/acs/Desktop/ACS@21 Code/BlogFolioPOO/assets/vendor/boxicons/fonts/boxicons.woff' -> 'sftp://access788809564.webspace-data.io/BlogFolioPOO/assets/vendor/boxicons/fonts/boxicons.woff' (273,444)
2021-07-01 09:33:55: Ecrasement 'C:/Users/acs/Desktop/ACS@21 Code/BlogFolioPOO/assets/vendor/glightbox/css/glightbox.css' -> 'sftp://access788809564.webspace-data.io/BlogFolioPOO/assets/vendor/glightbox/css/glightbox.css' (17,380)
2021-07-01 09:33:55: Ecrasement 'C:/Users/acs/Desktop/ACS@21 Code/BlogFolioPOO/assets/vendor/boxicons/fonts/boxicons.svg' -> 'sftp://access788809564.webspace-data.io/BlogFolioPOO/assets/vendor/boxicons/fonts/boxicons.svg' (975,365)
2021-07-01 09:33:55: Ecrasement 'C:/Users/acs/Desktop/ACS@21 Code/BlogFolioPOO/assets/vendor/boxicons/fonts/boxicons.woff2' -> 'sftp://access788809564.webspace-data.io/BlogFolioPOO/assets/vendor/boxicons/fonts/boxicons.woff2' (93,260)
2021-07-01 09:33:56: Ecrasement 'C:/Users/acs/Desktop/ACS@21 Code/BlogFolioPOO/assets/vendor/glightbox/css/glightbox.min.css' -> 'sftp://access788809564.webspace-data.io/BlogFolioPOO/assets/vendor/glightbox/css/glightbox.min.css' (13,746)
2021-07-01 09:33:57: Ecrasement 'C:/Users/acs/Desktop/ACS@21 Code/BlogFolioPOO/assets/vendor/glightbox/js/glightbox.js' -> 'sftp://access788809564.webspace-data.io/BlogFolioPOO/assets/vendor/glightbox/js/glightbox.js' (109,739)
2021-07-01 09:33:57: Ecrasement 'C:/Users/acs/Desktop/ACS@21 Code/BlogFolioPOO/assets/vendor/glightbox/js/glightbox.min.js' -> 'sftp://access788809564.webspace-data.io/BlogFolioPOO/assets/vendor/glightbox/js/glightbox.min.js' (55,976)
2021-07-01 09:33:58: Ecrasement 'C:/Users/acs/Desktop/ACS@21 Code/BlogFolioPOO/assets/vendor/isotope-layout/isotope.pkgd.js' -> 'sftp://access788809564.webspace-data.io/BlogFolioPOO/assets/vendor/isotope-layout/isotope.pkgd.js' (91,398)
2021-07-01 09:33:58: Ecrasement 'C:/Users/acs/Desktop/ACS@21 Code/BlogFolioPOO/assets/vendor/isotope-layout/isotope.pkgd.min.js' -> 'sftp://access788809564.webspace-data.io/BlogFolioPOO/assets/vendor/isotope-layout/isotope.pkgd.min.js' (35,445)
2021-07-01 09:33:58: Ecrasement 'C:/Users/acs/Desktop/ACS@21 Code/BlogFolioPOO/assets/vendor/php-email-form/validate.js' -> 'sftp://access788809564.webspace-data.io/BlogFolioPOO/assets/vendor/php-email-form/validate.js' (2,731)
2021-07-01 09:34:00: Ecrasement 'C:/Users/acs/Desktop/ACS@21 Code/BlogFolioPOO/assets/vendor/swiper/swiper-bundle.min.css' -> 'sftp://access788809564.webspace-data.io/BlogFolioPOO/assets/vendor/swiper/swiper-bundle.min.css' (13,871)
2021-07-01 09:34:00: Ecrasement 'C:/Users/acs/Desktop/ACS@21 Code/BlogFolioPOO/assets/vendor/typed.js/typed.js' -> 'sftp://access788809564.webspace-data.io/BlogFolioPOO/assets/vendor/typed.js/typed.js' (32,880)
2021-07-01 09:34:00: Ecrasement 'C:/Users/acs/Desktop/ACS@21 Code/BlogFolioPOO/assets/vendor/swiper/swiper-bundle.min.js' -> 'sftp://access788809564.webspace-data.io/BlogFolioPOO/assets/vendor/swiper/swiper-bundle.min.js' (145,446)
2021-07-01 09:34:02: Ecrasement 'C:/Users/acs/Desktop/ACS@21 Code/BlogFolioPOO/assets/vendor/typed.js/typed.min.js' -> 'sftp://access788809564.webspace-data.io/BlogFolioPOO/assets/vendor/typed.js/typed.min.js' (11,792)
2021-07-01 09:34:02: Ecrasement 'C:/Users/acs/Desktop/ACS@21 Code/BlogFolioPOO/assets/webfonts/fa-brands-400.eot' -> 'sftp://access788809564.webspace-data.io/BlogFolioPOO/assets/webfonts/fa-brands-400.eot' (136,822)
2021-07-01 09:34:02: Ecrasement 'C:/Users/acs/Desktop/ACS@21 Code/BlogFolioPOO/assets/vendor/typed.js/typed.min.js.map' -> 'sftp://access788809564.webspace-data.io/BlogFolioPOO/assets/vendor/typed.js/typed.min.js.map' (49,154)
2021-07-01 09:34:06: Ecrasement 'C:/Users/acs/Desktop/ACS@21 Code/BlogFolioPOO/assets/webfonts/fa-brands-400.ttf' -> 'sftp://access788809564.webspace-data.io/BlogFolioPOO/assets/webfonts/fa-brands-400.ttf' (136,516)
2021-07-01 09:34:07: Ecrasement 'C:/Users/acs/Desktop/ACS@21 Code/BlogFolioPOO/assets/webfonts/fa-brands-400.woff' -> 'sftp://access788809564.webspace-data.io/BlogFolioPOO/assets/webfonts/fa-brands-400.woff' (92,136)
2021-07-01 09:34:08: Ecrasement 'C:/Users/acs/Desktop/ACS@21 Code/BlogFolioPOO/assets/webfonts/fa-brands-400.woff2' -> 'sftp://access788809564.webspace-data.io/BlogFolioPOO/assets/webfonts/fa-brands-400.woff2' (78,460)
2021-07-01 09:34:09: Ecrasement 'C:/Users/acs/Desktop/ACS@21 Code/BlogFolioPOO/assets/webfonts/fa-regular-400.eot' -> 'sftp://access788809564.webspace-data.io/BlogFolioPOO/assets/webfonts/fa-regular-400.eot' (34,350)
2021-07-01 09:34:10: Ecrasement 'C:/Users/acs/Desktop/ACS@21 Code/BlogFolioPOO/assets/webfonts/fa-regular-400.svg' -> 'sftp://access788809564.webspace-data.io/BlogFolioPOO/assets/webfonts/fa-regular-400.svg' (144,714)
2021-07-01 09:34:10: Ecrasement 'C:/Users/acs/Desktop/ACS@21 Code/BlogFolioPOO/assets/webfonts/fa-regular-400.ttf' -> 'sftp://access788809564.webspace-data.io/BlogFolioPOO/assets/webfonts/fa-regular-400.ttf' (34,052)
2021-07-01 09:34:11: Ecrasement 'C:/Users/acs/Desktop/ACS@21 Code/BlogFolioPOO/assets/webfonts/fa-regular-400.woff' -> 'sftp://access788809564.webspace-data.io/BlogFolioPOO/assets/webfonts/fa-regular-400.woff' (16,772)
2021-07-01 09:34:11: Ecrasement 'C:/Users/acs/Desktop/ACS@21 Code/BlogFolioPOO/assets/webfonts/fa-regular-400.woff2' -> 'sftp://access788809564.webspace-data.io/BlogFolioPOO/assets/webfonts/fa-regular-400.woff2' (13,548)
2021-07-01 09:34:13: Ecrasement 'C:/Users/acs/Desktop/ACS@21 Code/BlogFolioPOO/assets/webfonts/fa-solid-900.eot' -> 'sftp://access788809564.webspace-data.io/BlogFolioPOO/assets/webfonts/fa-solid-900.eot' (204,814)
2021-07-01 09:34:16: Ecrasement 'C:/Users/acs/Desktop/ACS@21 Code/BlogFolioPOO/assets/webfonts/fa-solid-900.ttf' -> 'sftp://access788809564.webspace-data.io/BlogFolioPOO/assets/webfonts/fa-solid-900.ttf' (204,528)
2021-07-01 09:34:19: Ecrasement 'C:/Users/acs/Desktop/ACS@21 Code/BlogFolioPOO/assets/webfonts/fa-solid-900.woff' -> 'sftp://access788809564.webspace-data.io/BlogFolioPOO/assets/webfonts/fa-solid-900.woff' (104,280)
2021-07-01 09:34:20: Ecrasement 'C:/Users/acs/Desktop/ACS@21 Code/BlogFolioPOO/assets/webfonts/fa-brands-400.svg' -> 'sftp://access788809564.webspace-data.io/BlogFolioPOO/assets/webfonts/fa-brands-400.svg' (747,545)
2021-07-01 09:34:20: Ecrasement 'C:/Users/acs/Desktop/ACS@21 Code/BlogFolioPOO/assets/webfonts/fa-solid-900.woff2' -> 'sftp://access788809564.webspace-data.io/BlogFolioPOO/assets/webfonts/fa-solid-900.woff2' (80,300)
2021-07-01 09:34:21: Ecrasement 'C:/Users/acs/Desktop/ACS@21 Code/BlogFolioPOO/assets/webfonts/slick.svg' -> 'sftp://access788809564.webspace-data.io/BlogFolioPOO/assets/webfonts/slick.svg' (2,152)
2021-07-01 09:34:21: Ecrasement 'C:/Users/acs/Desktop/ACS@21 Code/BlogFolioPOO/assets/webfonts/slick.eot' -> 'sftp://access788809564.webspace-data.io/BlogFolioPOO/assets/webfonts/slick.eot' (2,048)
2021-07-01 09:34:22: Ecrasement 'C:/Users/acs/Desktop/ACS@21 Code/BlogFolioPOO/assets/webfonts/slick.woff' -> 'sftp://access788809564.webspace-data.io/BlogFolioPOO/assets/webfonts/slick.woff' (1,380)
2021-07-01 09:34:22: Ecrasement 'C:/Users/acs/Desktop/ACS@21 Code/BlogFolioPOO/assets/webfonts/slick.ttf' -> 'sftp://access788809564.webspace-data.io/BlogFolioPOO/assets/webfonts/slick.ttf' (1,892)
2021-07-01 09:34:23: Ecrasement 'C:/Users/acs/Desktop/ACS@21 Code/BlogFolioPOO/composer.json' -> 'sftp://access788809564.webspace-data.io/BlogFolioPOO/composer.json' (62)
2021-07-01 09:34:27: Ecrasement 'C:/Users/acs/Desktop/ACS@21 Code/BlogFolioPOO/composer.lock' -> 'sftp://access788809564.webspace-data.io/BlogFolioPOO/composer.lock' (2,199)
2021-07-01 09:34:27: Nouvelle Copie 'C:/Users/acs/Desktop/ACS@21 Code/BlogFolioPOO/blogpoo.sql' -> 'sftp://access788809564.webspace-data.io/BlogFolioPOO/blogpoo.sql' (108,551)
2021-07-01 09:34:29: Nouvelle Copie 'C:/Users/acs/Desktop/ACS@21 Code/BlogFolioPOO/dbs2612824.sql' -> 'sftp://access788809564.webspace-data.io/BlogFolioPOO/dbs2612824.sql' (108,761)
2021-07-01 09:34:29: Ecrasement 'C:/Users/acs/Desktop/ACS@21 Code/BlogFolioPOO/assets/webfonts/fa-solid-900.svg' -> 'sftp://access788809564.webspace-data.io/BlogFolioPOO/assets/webfonts/fa-solid-900.svg' (917,575)
2021-07-01 09:34:29: Ecrasement 'C:/Users/acs/Desktop/ACS@21 Code/BlogFolioPOO/index.php' -> 'sftp://access788809564.webspace-data.io/BlogFolioPOO/index.php' (322)
2021-07-01 09:34:30: Ecrasement 'C:/Users/acs/Desktop/ACS@21 Code/BlogFolioPOO/lib/Database.php' -> 'sftp://access788809564.webspace-data.io/BlogFolioPOO/lib/Database.php' (1,366)
2021-07-01 09:34:30: Ecrasement 'C:/Users/acs/Desktop/ACS@21 Code/BlogFolioPOO/lib/header.php' -> 'sftp://access788809564.webspace-data.io/BlogFolioPOO/lib/header.php' (5,157)
2021-07-01 09:34:30: Ecrasement 'C:/Users/acs/Desktop/ACS@21 Code/BlogFolioPOO/lib/footer.php' -> 'sftp://access788809564.webspace-data.io/BlogFolioPOO/lib/footer.php' (2,841)
2021-07-01 09:34:30: Ecrasement 'C:/Users/acs/Desktop/ACS@21 Code/BlogFolioPOO/lib/utils.php' -> 'sftp://access788809564.webspace-data.io/BlogFolioPOO/lib/utils.php' (807)
2021-07-01 09:34:31: Ecrasement 'C:/Users/acs/Desktop/ACS@21 Code/BlogFolioPOO/seed.php' -> 'sftp://access788809564.webspace-data.io/BlogFolioPOO/seed.php' (1,872)
2021-07-01 09:34:31: Ecrasement 'C:/Users/acs/Desktop/ACS@21 Code/BlogFolioPOO/templates/articles/delete-article.php' -> 'sftp://access788809564.webspace-data.io/BlogFolioPOO/templates/articles/delete-article.php' (1,612)
2021-07-01 09:34:31: Ecrasement 'C:/Users/acs/Desktop/ACS@21 Code/BlogFolioPOO/templates/articles/delete-comment.php' -> 'sftp://access788809564.webspace-data.io/BlogFolioPOO/templates/articles/delete-comment.php' (1,687)
2021-07-01 09:34:31: Ecrasement 'C:/Users/acs/Desktop/ACS@21 Code/BlogFolioPOO/templates/articles/index.html.php' -> 'sftp://access788809564.webspace-data.io/BlogFolioPOO/templates/articles/index.html.php' (451)
2021-07-01 09:34:31: Ecrasement 'C:/Users/acs/Desktop/ACS@21 Code/BlogFolioPOO/templates/articles/save-comment.php' -> 'sftp://access788809564.webspace-data.io/BlogFolioPOO/templates/articles/save-comment.php' (2,953)
2021-07-01 09:34:31: Ecrasement 'C:/Users/acs/Desktop/ACS@21 Code/BlogFolioPOO/templates/articles/show.html.php' -> 'sftp://access788809564.webspace-data.io/BlogFolioPOO/templates/articles/show.html.php' (11,107)
2021-07-01 09:34:32: Ecrasement 'C:/Users/acs/Desktop/ACS@21 Code/BlogFolioPOO/templates/header_article.php' -> 'sftp://access788809564.webspace-data.io/BlogFolioPOO/templates/header_article.php' (5,016)
2021-07-01 09:34:32: Ecrasement 'C:/Users/acs/Desktop/ACS@21 Code/BlogFolioPOO/templates/layout.html.php' -> 'sftp://access788809564.webspace-data.io/BlogFolioPOO/templates/layout.html.php' (304)
2021-07-01 09:34:32: Ecrasement 'C:/Users/acs/Desktop/ACS@21 Code/BlogFolioPOO/templates/index.html.php' -> 'sftp://access788809564.webspace-data.io/BlogFolioPOO/templates/index.html.php' (11,838)
2021-07-01 09:34:33: Reconnected Folders in the main Sync thread after >= 30 min of inactivity
2021-07-01 09:34:34: == Sync Complete. Time: 00:05:17, Speed: 141.60 KB/s, Elements synchronisés : 237, Erreurs : 0
